<?xml version="1.0" encoding="UTF-8"?>
<!-- Generated by org.testng.reporters.JUnitReportReporter -->
<testsuite hostname="Macminis-Mac-mini.local" name="ANDROID_ARMS.ANDROID_ARMS.FeedAdVAlidationonUI" tests="9" failures="1" timestamp="22 Jan 2018 15:51:09 GMT" time="485.335" errors="0">
  <testcase name="Validating_feed1" time="40.667" classname="ANDROID_ARMS.ANDROID_ARMS.FeedAdVAlidationonUI"/>
  <testcase name="Extended_Daily_page_Ad" time="20.250" classname="ANDROID_ARMS.ANDROID_ARMS.FeedAdVAlidationonUI"/>
  <testcase name="Extended_News_page_Ad" time="78.408" classname="ANDROID_ARMS.ANDROID_ARMS.FeedAdVAlidationonUI"/>
  <testcase name="Extended_Maps_Radar_page_Ad" time="20.739" classname="ANDROID_ARMS.ANDROID_ARMS.FeedAdVAlidationonUI"/>
  <testcase name="Validating_feed5" time="42.572" classname="ANDROID_ARMS.ANDROID_ARMS.FeedAdVAlidationonUI"/>
  <testcase name="Validating_feed3" time="78.495" classname="ANDROID_ARMS.ANDROID_ARMS.FeedAdVAlidationonUI">
    <failure type="java.lang.AssertionError" message="feed3 ad not present">
      <![CDATA[java.lang.AssertionError: feed3 ad not present
	at org.testng.Assert.fail(Assert.java:94)
	at twc.Automation.HandleWithAppium.AppiumFunctions.Check_feed3_ad(AppiumFunctions.java:429)
	at ANDROID_ARMS.ANDROID_ARMS.FeedAdVAlidationonUI.Validating_feed3(FeedAdVAlidationonUI.java:79)
	at sun.reflect.NativeMethodAccessorImpl.invoke0(Native Method)
	at sun.reflect.NativeMethodAccessorImpl.invoke(NativeMethodAccessorImpl.java:62)
	at sun.reflect.DelegatingMethodAccessorImpl.invoke(DelegatingMethodAccessorImpl.java:43)
	at java.lang.reflect.Method.invoke(Method.java:498)
	at org.testng.internal.MethodInvocationHelper.invokeMethod(MethodInvocationHelper.java:85)
	at org.testng.internal.Invoker.invokeMethod(Invoker.java:659)
	at org.testng.internal.Invoker.invokeTestMethod(Invoker.java:845)
	at org.testng.internal.Invoker.invokeTestMethods(Invoker.java:1153)
	at org.testng.internal.TestMethodWorker.invokeTestMethods(TestMethodWorker.java:125)
	at org.testng.internal.TestMethodWorker.run(TestMethodWorker.java:108)
	at org.testng.TestRunner.privateRun(TestRunner.java:771)
	at org.testng.TestRunner.run(TestRunner.java:621)
	at org.testng.SuiteRunner.runTest(SuiteRunner.java:357)
	at org.testng.SuiteRunner.runSequentially(SuiteRunner.java:352)
	at org.testng.SuiteRunner.privateRun(SuiteRunner.java:310)
	at org.testng.SuiteRunner.run(SuiteRunner.java:259)
	at org.testng.SuiteRunnerWorker.runSuite(SuiteRunnerWorker.java:52)
	at org.testng.SuiteRunnerWorker.run(SuiteRunnerWorker.java:86)
	at org.testng.TestNG.runSuitesSequentially(TestNG.java:1199)
	at org.testng.TestNG.runSuitesLocally(TestNG.java:1124)
	at org.testng.TestNG.run(TestNG.java:1032)
	at org.apache.maven.surefire.testng.TestNGExecutor.run(TestNGExecutor.java:73)
	at org.apache.maven.surefire.testng.TestNGXmlTestSuite.execute(TestNGXmlTestSuite.java:94)
	at org.apache.maven.surefire.Surefire.run(Surefire.java:169)
	at sun.reflect.NativeMethodAccessorImpl.invoke0(Native Method)
	at sun.reflect.NativeMethodAccessorImpl.invoke(NativeMethodAccessorImpl.java:62)
	at sun.reflect.DelegatingMethodAccessorImpl.invoke(DelegatingMethodAccessorImpl.java:43)
	at java.lang.reflect.Method.invoke(Method.java:498)
	at org.apache.maven.surefire.booter.SurefireBooter.runSuitesInProcess(SurefireBooter.java:350)
	at org.apache.maven.surefire.booter.SurefireBooter.main(SurefireBooter.java:1021)
]]>
    </failure>
  </testcase> <!-- Validating_feed3 -->
  <testcase name="Validating_feed4" time="12.050" classname="ANDROID_ARMS.ANDROID_ARMS.FeedAdVAlidationonUI"/>
  <testcase name="Extended_hourly_page_Ad" time="167.696" classname="ANDROID_ARMS.ANDROID_ARMS.FeedAdVAlidationonUI"/>
  <testcase name="Validating_feed2" time="24.458" classname="ANDROID_ARMS.ANDROID_ARMS.FeedAdVAlidationonUI"/>
</testsuite> <!-- ANDROID_ARMS.ANDROID_ARMS.FeedAdVAlidationonUI -->
