{
  "uid" : "183f1cda28936636",
  "name" : "Validating_feed3",
  "title" : "Validating feed_3 Ad call",
  "time" : {
    "start" : 1516635827604,
    "stop" : 1516635906107,
    "duration" : 78503
  },
  "summary" : {
    "attachments" : 1,
    "steps" : 5
  },
  "failure" : {
    "message" : "AssertionError: feed3 ad not present",
    "stackTrace" : "java.lang.AssertionError: feed3 ad not present\n\tat org.testng.Assert.fail(Assert.java:94)\n\tat twc.Automation.HandleWithAppium.AppiumFunctions.Check_feed3_ad(AppiumFunctions.java:429)\n\tat ANDROID_ARMS.ANDROID_ARMS.FeedAdVAlidationonUI.Validating_feed3(FeedAdVAlidationonUI.java:79)\n\tat sun.reflect.NativeMethodAccessorImpl.invoke0(Native Method)\n\tat sun.reflect.NativeMethodAccessorImpl.invoke(NativeMethodAccessorImpl.java:62)\n\tat sun.reflect.DelegatingMethodAccessorImpl.invoke(DelegatingMethodAccessorImpl.java:43)\n\tat java.lang.reflect.Method.invoke(Method.java:498)\n\tat org.testng.internal.MethodInvocationHelper.invokeMethod(MethodInvocationHelper.java:85)\n\tat org.testng.internal.Invoker.invokeMethod(Invoker.java:659)\n\tat org.testng.internal.Invoker.invokeTestMethod(Invoker.java:845)\n\tat org.testng.internal.Invoker.invokeTestMethods(Invoker.java:1153)\n\tat org.testng.internal.TestMethodWorker.invokeTestMethods(TestMethodWorker.java:125)\n\tat org.testng.internal.TestMethodWorker.run(TestMethodWorker.java:108)\n\tat org.testng.TestRunner.privateRun(TestRunner.java:771)\n\tat org.testng.TestRunner.run(TestRunner.java:621)\n\tat org.testng.SuiteRunner.runTest(SuiteRunner.java:357)\n\tat org.testng.SuiteRunner.runSequentially(SuiteRunner.java:352)\n\tat org.testng.SuiteRunner.privateRun(SuiteRunner.java:310)\n\tat org.testng.SuiteRunner.run(SuiteRunner.java:259)\n\tat org.testng.SuiteRunnerWorker.runSuite(SuiteRunnerWorker.java:52)\n\tat org.testng.SuiteRunnerWorker.run(SuiteRunnerWorker.java:86)\n\tat org.testng.TestNG.runSuitesSequentially(TestNG.java:1199)\n\tat org.testng.TestNG.runSuitesLocally(TestNG.java:1124)\n\tat org.testng.TestNG.run(TestNG.java:1032)\n\tat org.apache.maven.surefire.testng.TestNGExecutor.run(TestNGExecutor.java:73)\n\tat org.apache.maven.surefire.testng.TestNGXmlTestSuite.execute(TestNGXmlTestSuite.java:94)\n\tat org.apache.maven.surefire.Surefire.run(Surefire.java:169)\n\tat sun.reflect.NativeMethodAccessorImpl.invoke0(Native Method)\n\tat sun.reflect.NativeMethodAccessorImpl.invoke(NativeMethodAccessorImpl.java:62)\n\tat sun.reflect.DelegatingMethodAccessorImpl.invoke(DelegatingMethodAccessorImpl.java:43)\n\tat java.lang.reflect.Method.invoke(Method.java:498)\n\tat org.apache.maven.surefire.booter.SurefireBooter.runSuitesInProcess(SurefireBooter.java:350)\n\tat org.apache.maven.surefire.booter.SurefireBooter.main(SurefireBooter.java:1021)\n"
  },
  "description" : null,
  "severity" : "NORMAL",
  "status" : "FAILED",
  "suite" : {
    "uid" : "e933cb0e5379b13d",
    "name" : "Suite : Test",
    "title" : "Suite : Test"
  },
  "steps" : [ {
    "name" : "logStep[Validating feed_3 Ad TestCase Started]",
    "title" : "Validating feed_3 Ad TestCase Started",
    "time" : {
      "start" : 1516635827604,
      "stop" : 1516635827604,
      "duration" : 0
    },
    "summary" : {
      "attachments" : 0,
      "steps" : 0
    },
    "status" : "PASSED",
    "attachments" : [ ],
    "steps" : [ ]
  }, {
    "name" : "logStep[Scroll the app to feed3 ad]",
    "title" : "Scroll the app to feed3 ad",
    "time" : {
      "start" : 1516635827605,
      "stop" : 1516635827605,
      "duration" : 0
    },
    "summary" : {
      "attachments" : 0,
      "steps" : 0
    },
    "status" : "PASSED",
    "attachments" : [ ],
    "steps" : [ ]
  }, {
    "name" : "logStep[feed3 ad not present]",
    "title" : "feed3 ad not present",
    "time" : {
      "start" : 1516635900837,
      "stop" : 1516635900837,
      "duration" : 0
    },
    "summary" : {
      "attachments" : 0,
      "steps" : 0
    },
    "status" : "PASSED",
    "attachments" : [ ],
    "steps" : [ ]
  }, {
    "name" : "logStep[Taking screenshot]",
    "title" : "Taking screenshot",
    "time" : {
      "start" : 1516635903540,
      "stop" : 1516635903540,
      "duration" : 0
    },
    "summary" : {
      "attachments" : 0,
      "steps" : 0
    },
    "status" : "PASSED",
    "attachments" : [ ],
    "steps" : [ ]
  }, {
    "name" : "logStep[took the failed feed3 screen shot]",
    "title" : "took the failed feed3 screen shot",
    "time" : {
      "start" : 1516635906095,
      "stop" : 1516635906095,
      "duration" : 0
    },
    "summary" : {
      "attachments" : 0,
      "steps" : 0
    },
    "status" : "PASSED",
    "attachments" : [ ],
    "steps" : [ ]
  } ],
  "attachments" : [ {
    "title" : "Screenshot on failure",
    "source" : "f09ac018-1422-4cf3-9f8b-5ae25dbd1804-attachment.png",
    "type" : "image/png",
    "size" : 119164,
    "uid" : "e3510055343f49ac"
  } ],
  "issues" : [ ],
  "testIds" : [ ],
  "labels" : [ {
    "name" : "testSuite",
    "value" : "Suite"
  }, {
    "name" : "language",
    "value" : "JAVA"
  }, {
    "name" : "testGroup",
    "value" : "Test"
  }, {
    "name" : "thread",
    "value" : "4909@Macminis-Mac-mini.local.main(1)"
  }, {
    "name" : "suite-name",
    "value" : "Suite : Test"
  }, {
    "name" : "host",
    "value" : "Macminis-Mac-mini.local"
  }, {
    "name" : "testMethod",
    "value" : "Validating_feed3"
  }, {
    "name" : "framework",
    "value" : "TestNG"
  }, {
    "name" : "suite-title",
    "value" : "Suite : Test"
  }, {
    "name" : "testClass",
    "value" : "ANDROID_ARMS.ANDROID_ARMS.FeedAdVAlidationonUI"
  } ],
  "parameters" : [ ]
}